<?xml version="1.0" encoding="UTF-8"?>
<testsuite xmlns:xsi="http://www.w3.org/2001/XMLSchema-instance" xsi:noNamespaceSchemaLocation="https://maven.apache.org/surefire/maven-surefire-plugin/xsd/surefire-test-report-3.0.xsd" version="3.0" name="TestSuite" time="6.059" tests="4" errors="0" skipped="3" failures="1">
  <properties>
[...]
</properties>
  <testcase name="precondition" classname="Com.actitime.scripts.LoginTest" time="4.312">
    <failure message="session not created: Chrome version must be between 70 and 73&#10;  (Driver info: chromedriver=2.45.615291 (ec3682e3c9061c10f26ea9e5cdcf3c53f3f74387),platform=Windows NT 6.3.9600 x86_64) (WARNING: The server did not provide any stacktrace information)&#10;Command duration or timeout: 2.11 seconds&#10;Build info: version: &apos;3.141.59&apos;, revision: &apos;e82be7d358&apos;, time: &apos;2018-11-14T08:17:03&apos;&#10;System info: host: &apos;NEW&apos;, ip: &apos;192.168.1.103&apos;, os.name: &apos;Windows 8.1&apos;, os.arch: &apos;amd64&apos;, os.version: &apos;6.3&apos;, java.version: &apos;1.8.0_31&apos;&#10;Driver info: driver.version: ChromeDriver" type="org.openqa.selenium.SessionNotCreatedException">org.openqa.selenium.SessionNotCreatedException: 
session not created: Chrome version must be between 70 and 73
  (Driver info: chromedriver=2.45.615291 (ec3682e3c9061c10f26ea9e5cdcf3c53f3f74387),platform=Windows NT 6.3.9600 x86_64) (WARNING: The server did not provide any stacktrace information)
Command duration or timeout: 2.11 seconds
Build info: version: '3.141.59', revision: 'e82be7d358', time: '2018-11-14T08:17:03'
System info: host: 'NEW', ip: '192.168.1.103', os.name: 'Windows 8.1', os.arch: 'amd64', os.version: '6.3', java.version: '1.8.0_31'
Driver info: driver.version: ChromeDriver
</failure>
    <system-out><![CDATA[suite execution startsFri May 10 14:52:21 IST 2019
]]></system-out>
    <system-err><![CDATA[Starting ChromeDriver 2.45.615291 (ec3682e3c9061c10f26ea9e5cdcf3c53f3f74387) on port 32706
Only local connections are allowed.
]]></system-err>
  </testcase>
  <testcase name="validLogin" classname="Com.actitime.scripts.LoginTest" time="0">
    <skipped message="session not created: Chrome version must be between 70 and 73&#10;  (Driver info: chromedriver=2.45.615291 (ec3682e3c9061c10f26ea9e5cdcf3c53f3f74387),platform=Windows NT 6.3.9600 x86_64) (WARNING: The server did not provide any stacktrace information)&#10;Command duration or timeout: 2.11 seconds&#10;Build info: version: &apos;3.141.59&apos;, revision: &apos;e82be7d358&apos;, time: &apos;2018-11-14T08:17:03&apos;&#10;System info: host: &apos;NEW&apos;, ip: &apos;192.168.1.103&apos;, os.name: &apos;Windows 8.1&apos;, os.arch: &apos;amd64&apos;, os.version: &apos;6.3&apos;, java.version: &apos;1.8.0_31&apos;&#10;Driver info: driver.version: ChromeDriver"/>
    <system-out><![CDATA[validLoginscript is skipped
]]></system-out>
  </testcase>
  <testcase name="invalidLogin" classname="Com.actitime.scripts.LoginTest" time="0">
    <skipped message="Method LoginTest.invalidLogin()[pri:0, instance:Com.actitime.scripts.LoginTest@2d3fcdbd] depends on not successfully finished methods"/>
    <system-out><![CDATA[invalidLoginscript is skipped
]]></system-out>
  </testcase>
  <testcase name="postcondition" classname="Com.actitime.scripts.LoginTest" time="0">
    <skipped/>
  </testcase>
</testsuite>